

Version:	3.50
CmdLine:	C:\Users\Stut\IdeaProjects\ExcelGroupSearch\out\artifacts\ExcelGroupSearch_jar2\ExcelGroupSearch.exe --l4j-debug
JNI:		No
WOW64:		Yes
Working dir:	C:\Users\Stut\IdeaProjects\ExcelGroupSearch\out\artifacts\ExcelGroupSearch_jar2\.
Requires JDK:	No
Requires 64-Bit: No
Java min ver:	
Java max ver:	
Substitute:	JAVA_HOME = 
Substitute:	PATH = C:\Program Files (x86)\Common Files\Oracle\Java\javapath;C:\Windows\system32;C:\Windows;C:\Windows\System32\Wbem;C:\Windows\System32\WindowsPowerShell\v1.0\;C:\Windows\System32\OpenSSH\;C:\Program Files\NVIDIA Corporation\NVIDIA NvDLISR;C:\Program Files (x86)\NVIDIA Corporation\PhysX\Common;C:\Program Files\Git\cmd;C:\Users\Stut\AppData\Local\Programs\Python\Launcher\;C:\Users\Stut\AppData\Local\Microsoft\WindowsApps;C:\Users\Stut\AppData\Local\Programs\Microsoft VS Code\bin;D:\PyCharm Community Edition 2023.3.5\bin;C:\Program Files (x86)\Java\jre-1.8\bin
JRE paths:	;C:\Program Files (x86)\Common Files\Oracle\Java\javapath;C:\Windows\system32;C:\Windows;C:\Windows\System32\Wbem;C:\Windows\System32\WindowsPowerShell\v1.0\;C:\Windows\System32\OpenSSH\;C:\Program Files\NVIDIA Corporation\NVIDIA NvDLISR;C:\Program Files (x86)\NVIDIA Corporation\PhysX\Common;C:\Program Files\Git\cmd;C:\Users\Stut\AppData\Local\Programs\Python\Launcher\;C:\Users\Stut\AppData\Local\Microsoft\WindowsApps;C:\Users\Stut\AppData\Local\Programs\Microsoft VS Code\bin;D:\PyCharm Community Edition 2023.3.5\bin;C:\Program Files (x86)\Java\jre-1.8\bin
Check launcher:	C:\Program Files (x86)\Common Files\Oracle\Java\javapath\bin\javaw.exe (not found)
Check launcher:	C:\Windows\system32\bin\javaw.exe (not found)
Check launcher:	C:\Windows\bin\javaw.exe (not found)
Check launcher:	C:\Windows\System32\Wbem\bin\javaw.exe (not found)
Check launcher:	C:\Windows\System32\WindowsPowerShell\v1.0\bin\javaw.exe (not found)
Check launcher:	C:\Windows\System32\OpenSSH\bin\javaw.exe (not found)
Check launcher:	C:\Program Files\NVIDIA Corporation\NVIDIA NvDLISR\bin\javaw.exe (not found)
Check launcher:	C:\Program Files (x86)\NVIDIA Corporation\PhysX\Common\bin\javaw.exe (not found)
Check launcher:	C:\Program Files\Git\cmd\bin\javaw.exe (not found)
Check launcher:	C:\Users\Stut\AppData\Local\Programs\Python\Launcher\bin\javaw.exe (not found)
Check launcher:	C:\Users\Stut\AppData\Local\Microsoft\WindowsApps\bin\javaw.exe (not found)
Check launcher:	C:\Users\Stut\AppData\Local\Programs\Microsoft VS Code\bin\javaw.exe (not found)
Check launcher:	D:\PyCharm Community Edition 2023.3.5\bin\javaw.exe (not found)
Check launcher:	C:\Program Files (x86)\Java\jre-1.8\bin\javaw.exe (OK)
Version string: 1.008.000_381 / 32-Bit (OK)
Launcher:	C:\Program Files (x86)\Java\jre-1.8\bin\javaw.exe
Launcher args:	-jar "C:\Users\Stut\IdeaProjects\ExcelGroupSearch\out\artifacts\ExcelGroupSearch_jar2\ExcelGroupSearch.exe"
Args length:	107/32768 chars
Exit code:	0
